# JRE version: OpenJDK Runtime Environment (17.0.2+8) (build 17.0.2+8-86)
# Java VM: OpenJDK 64-Bit Server VM (17.0.2+8-86, mixed mode, sharing, tiered, compressed oops, compressed class ptrs, g1 gc, windows-amd64)
GC Precious Log:
 CPUs: 12 total, 12 available
 Memory: 7504M
 Large Page Support: Disabled
 NUMA Support: Disabled
 Compressed Oops: Enabled (32-bit)
 Heap Region Size: 1M
 Heap Min Capacity: 8M
 Heap Initial Capacity: 118M
 Heap Max Capacity: 1878M
 Pre-touch: Disabled
 Parallel Workers: 10
 Concurrent Workers: 3
 Concurrent Refinement Workers: 10
 Periodic GC: Disabled
Heap:
 garbage-first heap   total 58368K, used 18005K [0x000000008aa00000, 0x0000000100000000)
  region size 1024K, 9 young (9216K), 6 survivors (6144K)
 Metaspace       used 21448K, committed 21760K, reserved 1073152K
  class space    used 2979K, committed 3136K, reserved 1048576K
GC Heap History (6 events):
Event: 0.966 GC heap before
{Heap before GC invocations=0 (full 0):
 garbage-first heap   total 120832K, used 22528K [0x000000008aa00000, 0x0000000100000000)
  region size 1024K, 23 young (23552K), 0 survivors (0K)
 Metaspace       used 6367K, committed 6592K, reserved 1056768K
  class space    used 779K, committed 896K, reserved 1048576K
}
Event: 0.970 GC heap after
{Heap after GC invocations=1 (full 0):
 garbage-first heap   total 120832K, used 3314K [0x000000008aa00000, 0x0000000100000000)
  region size 1024K, 3 young (3072K), 3 survivors (3072K)
 Metaspace       used 6367K, committed 6592K, reserved 1056768K
  class space    used 779K, committed 896K, reserved 1048576K
}
Event: 2.697 GC heap before
{Heap before GC invocations=1 (full 0):
 garbage-first heap   total 120832K, used 39154K [0x000000008aa00000, 0x0000000100000000)
  region size 1024K, 36 young (36864K), 3 survivors (3072K)
 Metaspace       used 14353K, committed 14592K, reserved 1064960K
  class space    used 2097K, committed 2176K, reserved 1048576K
}
Event: 2.708 GC heap after
{Heap after GC invocations=2 (full 0):
 garbage-first heap   total 120832K, used 10467K [0x000000008aa00000, 0x0000000100000000)
  region size 1024K, 5 young (5120K), 5 survivors (5120K)
 Metaspace       used 14353K, committed 14592K, reserved 1064960K
  class space    used 2097K, committed 2176K, reserved 1048576K
}
Event: 7.520 GC heap before
{Heap before GC invocations=2 (full 0):
 garbage-first heap   total 120832K, used 41187K [0x000000008aa00000, 0x0000000100000000)
  region size 1024K, 36 young (36864K), 5 survivors (5120K)
 Metaspace       used 21281K, committed 21504K, reserved 1073152K
  class space    used 2949K, committed 3072K, reserved 1048576K
}
Event: 7.530 GC heap after
{Heap after GC invocations=3 (full 0):
 garbage-first heap   total 120832K, used 15957K [0x000000008aa00000, 0x0000000100000000)
  region size 1024K, 6 young (6144K), 6 survivors (6144K)
 Metaspace       used 21281K, committed 21504K, reserved 1073152K
  class space    used 2949K, committed 3072K, reserved 1048576K
}

