# JRE version: OpenJDK Runtime Environment (17.0.2+8) (build 17.0.2+8-86)
# Java VM: OpenJDK 64-Bit Server VM (17.0.2+8-86, mixed mode, sharing, tiered, compressed oops, compressed class ptrs, g1 gc, windows-amd64)
GC Precious Log:
 CPUs: 12 total, 12 available
 Memory: 7504M
 Large Page Support: Disabled
 NUMA Support: Disabled
 Compressed Oops: Enabled (32-bit)
 Heap Region Size: 1M
 Heap Min Capacity: 8M
 Heap Initial Capacity: 118M
 Heap Max Capacity: 1878M
 Pre-touch: Disabled
 Parallel Workers: 10
 Concurrent Workers: 3
 Concurrent Refinement Workers: 10
 Periodic GC: Disabled
Heap:
 garbage-first heap   total 55296K, used 22125K [0x000000008aa00000, 0x0000000100000000)
  region size 1024K, 13 young (13312K), 5 survivors (5120K)
 Metaspace       used 21718K, committed 22016K, reserved 1073152K
  class space    used 2985K, committed 3136K, reserved 1048576K
GC Heap History (6 events):
Event: 0.863 GC heap before
{Heap before GC invocations=0 (full 0):
 garbage-first heap   total 120832K, used 22528K [0x000000008aa00000, 0x0000000100000000)
  region size 1024K, 23 young (23552K), 0 survivors (0K)
 Metaspace       used 6302K, committed 6464K, reserved 1056768K
  class space    used 772K, committed 832K, reserved 1048576K
}
Event: 0.867 GC heap after
{Heap after GC invocations=1 (full 0):
 garbage-first heap   total 120832K, used 3372K [0x000000008aa00000, 0x0000000100000000)
  region size 1024K, 3 young (3072K), 3 survivors (3072K)
 Metaspace       used 6302K, committed 6464K, reserved 1056768K
  class space    used 772K, committed 832K, reserved 1048576K
}
Event: 1.696 GC heap before
{Heap before GC invocations=1 (full 0):
 garbage-first heap   total 120832K, used 39212K [0x000000008aa00000, 0x0000000100000000)
  region size 1024K, 36 young (36864K), 3 survivors (3072K)
 Metaspace       used 14214K, committed 14400K, reserved 1064960K
  class space    used 2086K, committed 2176K, reserved 1048576K
}
Event: 1.703 GC heap after
{Heap after GC invocations=2 (full 0):
 garbage-first heap   total 120832K, used 10007K [0x000000008aa00000, 0x0000000100000000)
  region size 1024K, 5 young (5120K), 5 survivors (5120K)
 Metaspace       used 14214K, committed 14400K, reserved 1064960K
  class space    used 2086K, committed 2176K, reserved 1048576K
}
Event: 17.232 GC heap before
{Heap before GC invocations=2 (full 0):
 garbage-first heap   total 120832K, used 39703K [0x000000008aa00000, 0x0000000100000000)
  region size 1024K, 35 young (35840K), 5 survivors (5120K)
 Metaspace       used 21209K, committed 21504K, reserved 1073152K
  class space    used 2896K, committed 3072K, reserved 1048576K
}
Event: 17.241 GC heap after
{Heap after GC invocations=3 (full 0):
 garbage-first heap   total 120832K, used 14957K [0x000000008aa00000, 0x0000000100000000)
  region size 1024K, 5 young (5120K), 5 survivors (5120K)
 Metaspace       used 21209K, committed 21504K, reserved 1073152K
  class space    used 2896K, committed 3072K, reserved 1048576K
}

